received XAuth vendor ID
received XAuth vendor ID
received DPD vendor ID
received DPD vendor ID
received FRAGMENTATION vendor ID
received FRAGMENTATION vendor ID
received NAT-T (RFC 3947) vendor ID
received NAT-T (RFC 3947) vendor ID
received draft-ietf-ipsec-nat-t-ike-02\n vendor ID
received draft-ietf-ipsec-nat-t-ike-02\n vendor ID
192.168.0.100 is initiating a Main Mode IKE_SA
192.168.0.100 is initiating a Main Mode IKE_SA
IKE_SA (unnamed)[2] state change: CREATED => CONNECTING
sending XAuth vendor ID
sending DPD vendor ID
sending FRAGMENTATION vendor ID
sending NAT-T (RFC 3947) vendor ID
natd_chunk => 22 bytes @ 0x7fe916970b90
   0: 01 8E F0 4F 7C F7 2E 4F 5F 28 FD F2 79 30 8A 94  ...O|..O_(..y0..
  16: C0 A8 00 65 01 F4                                ...e..
natd_hash => 20 bytes @ 0x7fe8e8001b20
   0: 3C 10 F7 A5 CC B6 83 56 89 59 96 91 97 2E 4D 19  <......V.Y....M.
  16: 61 87 58 E5                                      a.X.
natd_chunk => 22 bytes @ 0x7fe916970b90
   0: 01 8E F0 4F 7C F7 2E 4F 5F 28 FD F2 79 30 8A 94  ...O|..O_(..y0..
  16: C0 A8 00 64 01 F4                                ...d..
natd_hash => 20 bytes @ 0x7fe8e8000c80
   0: D5 F3 26 AB 69 3E 1B 25 F2 71 A5 42 EF 63 68 1D  ..&.i>.%.q.B.ch.
  16: 4E 80 81 3C                                      N..<
precalculated src_hash => 20 bytes @ 0x7fe8e8000c80
   0: D5 F3 26 AB 69 3E 1B 25 F2 71 A5 42 EF 63 68 1D  ..&.i>.%.q.B.ch.
  16: 4E 80 81 3C                                      N..<
precalculated dst_hash => 20 bytes @ 0x7fe8e8001b20
   0: 3C 10 F7 A5 CC B6 83 56 89 59 96 91 97 2E 4D 19  <......V.Y....M.
  16: 61 87 58 E5                                      a.X.
received dst_hash => 20 bytes @ 0x7fe8e8001670
   0: 3C 10 F7 A5 CC B6 83 56 89 59 96 91 97 2E 4D 19  <......V.Y....M.
  16: 61 87 58 E5                                      a.X.
received src_hash => 20 bytes @ 0x7fe8e8000960
   0: D5 F3 26 AB 69 3E 1B 25 F2 71 A5 42 EF 63 68 1D  ..&.i>.%.q.B.ch.
  16: 4E 80 81 3C                                      N..<
shared Diffie Hellman secret => 128 bytes @ 0x7fe8e8002100
   0: 15 1B EE CA F9 7F 11 3A C8 A9 68 02 30 BB DA 0D  .......:..h.0...
  16: F2 78 F6 10 63 A1 69 07 78 7D 2A A0 F3 48 20 1C  .x..c.i.x}*..H .
  32: 19 CD D1 A7 B1 E5 04 0C D5 BE D0 D8 2B 7B 3E BA  ............+{>.
  48: DB 4B 5A 6E 55 84 C4 B4 26 F0 5A BA A9 B5 73 94  .KZnU...&.Z...s.
  64: CB C5 81 35 48 39 B6 FF 6C 2C 29 60 C4 F5 EC 8C  ...5H9..l,)`....
  80: 75 52 25 16 34 DE A1 F7 A0 08 54 31 D4 5E 1A 15  uR%.4.....T1.^..
  96: 8E F8 29 AD A2 36 2B A8 DA 16 A9 2D 56 A8 37 93  ..)..6+....-V.7.
 112: 99 31 A9 80 CD F3 8D 16 42 5D 7A 53 46 A3 10 79  .1......B]zSF..y
SKEYID => 20 bytes @ 0x7fe8e8000fb0
   0: 97 0C F3 D9 1D 94 2C F3 84 7E B0 21 A0 26 51 7F  ......,..~.!.&Q.
  16: E3 EB 5E C7                                      ..^.
SKEYID_d => 20 bytes @ 0x7fe8e8002230
   0: 87 5F 27 D8 AF A5 48 0B 24 BD 3F 3A 35 15 B1 46  ._'...H.$.?:5..F
  16: 2F 5B A3 FF                                      /[..
SKEYID_a => 20 bytes @ 0x7fe8e8002300
   0: 28 2B 8D E1 E9 40 AF 5A 12 03 6A 0B 2B AF 81 DA  (+...@.Z..j.+...
  16: 4C 26 87 C5                                      L&..
SKEYID_e => 20 bytes @ 0x7fe8e8001f60
   0: 4F 8E 65 65 F4 54 CC C7 7D E9 C3 13 FC 20 6F E9  O.ee.T..}.... o.
  16: 62 B4 11 93                                      b...
encryption key Ka => 16 bytes @ 0x7fe8e8001f60
   0: 4F 8E 65 65 F4 54 CC C7 7D E9 C3 13 FC 20 6F E9  O.ee.T..}.... o.
initial IV => 16 bytes @ 0x7fe8e8001d10
   0: 2C 46 D2 46 60 04 D8 58 61 F2 FF E3 A8 B8 D3 5B  ,F.F`..Xa......[
natd_chunk => 22 bytes @ 0x7fe916970ba0
   0: 01 8E F0 4F 7C F7 2E 4F 5F 28 FD F2 79 30 8A 94  ...O|..O_(..y0..
  16: C0 A8 00 64 01 F4                                ...d..
natd_hash => 20 bytes @ 0x7fe8e8000fb0
   0: D5 F3 26 AB 69 3E 1B 25 F2 71 A5 42 EF 63 68 1D  ..&.i>.%.q.B.ch.
  16: 4E 80 81 3C                                      N..<
natd_chunk => 22 bytes @ 0x7fe916970ba0
   0: 01 8E F0 4F 7C F7 2E 4F 5F 28 FD F2 79 30 8A 94  ...O|..O_(..y0..
  16: C0 A8 00 65 01 F4                                ...e..
natd_hash => 20 bytes @ 0x7fe8e80027c0
   0: 3C 10 F7 A5 CC B6 83 56 89 59 96 91 97 2E 4D 19  <......V.Y....M.
  16: 61 87 58 E5                                      a.X.
next IV for MID 0 => 16 bytes @ 0x7fe8ec000b50
   0: 1D 3E 9F 87 AA 61 35 7A 12 29 2F 17 9D A7 AD 64  .>...a5z.)/....d
HASH_I data => 332 bytes @ 0x7fe8ec000b70
   0: FB BF 07 8C 95 12 CC 3B 9B 03 8F 9C 15 D6 CA B4  .......;........
  16: 25 67 A8 A8 F9 D7 62 FE 4E 5A 82 E9 25 D1 88 44  %g....b.NZ..%..D
  32: 67 61 6C A7 43 37 C3 37 7A 80 FF 2E A5 A4 E3 B8  gal.C7.7z.......
  48: FB 0F 68 F4 D6 04 A2 A9 9F 6B 53 CA 45 62 4B B3  ..h......kS.EbK.
  64: 7C C6 7C AF 89 4A B3 D4 2D 4F 6D DC B6 BF FC 62  |.|..J..-Om....b
  80: 66 F2 FC 57 EE BE D3 1C AA 01 84 DF AD 9F 2B 6B  f..W..........+k
  96: 1B EB BA 28 54 5D F8 83 91 DF 5D 11 ED F8 BF 45  ...(T]....]....E
 112: C2 B4 29 EB 5B 48 E5 A4 88 0F DE 4B 66 F3 5A 4F  ..).[H.....Kf.ZO
 128: 69 4A 7E F2 D0 CB CF B0 2E 92 65 13 BB 14 E5 15  iJ~.......e.....
 144: 44 21 7E 81 A0 77 DC C9 10 B4 3B 70 33 B1 9D 32  D!~..w....;p3..2
 160: 9A 49 5E F5 D3 27 7B E2 D1 87 88 D6 B7 9E 3E C8  .I^..'{.......>.
 176: 4F 75 FF BE DB 5A CA D5 90 3D BB 7D 49 04 C0 D5  Ou...Z...=.}I...
 192: C6 42 E1 D0 8A 3C 03 01 19 7F 7B C6 80 C3 39 D8  .B...<....{...9.
 208: 52 17 CA 6A 55 30 3D ED CA B6 F3 41 2C B7 4D 3F  R..jU0=....A,.M?
 224: 23 33 7F 71 CC C1 F1 08 EB CB DC C2 78 3D CE 05  #3.q........x=..
 240: 9C 70 E0 3E 73 78 13 31 AC 2A D6 FD 0F 63 E1 FF  .p.>sx.1.*...c..
 256: 01 8E F0 4F 7C F7 2E 4F 5F 28 FD F2 79 30 8A 94  ...O|..O_(..y0..
 272: 00 00 00 01 00 00 00 01 00 00 00 2C 00 01 00 01  ...........,....
 288: 00 00 00 24 01 01 00 00 80 01 00 07 80 0E 00 80  ...$............
 304: 80 02 00 02 80 04 00 02 80 03 00 01 80 0B 00 01  ................
 320: 80 0C 0E 10 01 00 00 00 C0 A8 00 64              ...........d
HASH_I => 20 bytes @ 0x7fe8ec000cd0
   0: C0 0B 80 CF BA 96 E8 BB B7 FC 85 C7 1D E6 4F FB  ..............O.
  16: 62 72 91 52                                      br.R
HASH_R data => 332 bytes @ 0x7fe8ec001220
   0: 69 4A 7E F2 D0 CB CF B0 2E 92 65 13 BB 14 E5 15  iJ~.......e.....
  16: 44 21 7E 81 A0 77 DC C9 10 B4 3B 70 33 B1 9D 32  D!~..w....;p3..2
  32: 9A 49 5E F5 D3 27 7B E2 D1 87 88 D6 B7 9E 3E C8  .I^..'{.......>.
  48: 4F 75 FF BE DB 5A CA D5 90 3D BB 7D 49 04 C0 D5  Ou...Z...=.}I...
  64: C6 42 E1 D0 8A 3C 03 01 19 7F 7B C6 80 C3 39 D8  .B...<....{...9.
  80: 52 17 CA 6A 55 30 3D ED CA B6 F3 41 2C B7 4D 3F  R..jU0=....A,.M?
  96: 23 33 7F 71 CC C1 F1 08 EB CB DC C2 78 3D CE 05  #3.q........x=..
 112: 9C 70 E0 3E 73 78 13 31 AC 2A D6 FD 0F 63 E1 FF  .p.>sx.1.*...c..
 128: FB BF 07 8C 95 12 CC 3B 9B 03 8F 9C 15 D6 CA B4  .......;........
 144: 25 67 A8 A8 F9 D7 62 FE 4E 5A 82 E9 25 D1 88 44  %g....b.NZ..%..D
 160: 67 61 6C A7 43 37 C3 37 7A 80 FF 2E A5 A4 E3 B8  gal.C7.7z.......
 176: FB 0F 68 F4 D6 04 A2 A9 9F 6B 53 CA 45 62 4B B3  ..h......kS.EbK.
 192: 7C C6 7C AF 89 4A B3 D4 2D 4F 6D DC B6 BF FC 62  |.|..J..-Om....b
 208: 66 F2 FC 57 EE BE D3 1C AA 01 84 DF AD 9F 2B 6B  f..W..........+k
 224: 1B EB BA 28 54 5D F8 83 91 DF 5D 11 ED F8 BF 45  ...(T]....]....E
 240: C2 B4 29 EB 5B 48 E5 A4 88 0F DE 4B 66 F3 5A 4F  ..).[H.....Kf.ZO
 256: 5F 28 FD F2 79 30 8A 94 01 8E F0 4F 7C F7 2E 4F  _(..y0.....O|..O
 272: 00 00 00 01 00 00 00 01 00 00 00 2C 00 01 00 01  ...........,....
 288: 00 00 00 24 01 01 00 00 80 01 00 07 80 0E 00 80  ...$............
 304: 80 02 00 02 80 04 00 02 80 03 00 01 80 0B 00 01  ................
 320: 80 0C 0E 10 01 00 00 00 C0 A8 00 65              ...........e
HASH_R => 20 bytes @ 0x7fe8ec001670
   0: C1 B5 A2 51 49 78 78 2B F7 C1 4F 67 5C B5 ED A2  ...QIxx+..Og\...
  16: 5B A4 CE 0E                                      [...
IKE_SA rw-carol[2] established between 192.168.0.101[192.168.0.101]...192.168.0.100[192.168.0.100]
IKE_SA rw-carol[2] established between 192.168.0.101[192.168.0.101]...192.168.0.100[192.168.0.100]
IKE_SA rw-carol[2] state change: CONNECTING => ESTABLISHED
scheduling reauthentication in 3388s
scheduling reauthentication in 3388s
maximum IKE_SA lifetime 3568s
maximum IKE_SA lifetime 3568s
next IV for MID 0 => 16 bytes @ 0x7fe8ec000900
   0: 18 FF 09 78 E3 FD A5 A7 CE 48 C5 B9 09 43 F7 C7  ...x.....H...C..
next IV for MID 3116056716 => 16 bytes @ 0x7fe8e4000980
   0: D1 30 2C D4 D2 AC B6 ED EA 97 12 78 9C CF 3B 3C  .0,........x..;<
Hash(1) => 20 bytes @ 0x7fe8e4001ff0
   0: 99 DC 3B 3A AE 3D E0 6A 8D 59 76 77 9D 30 F6 41  ..;:.=.j.Yvw.0.A
  16: 05 D1 E3 48                                      ...H
next IV for MID 3116056716 => 16 bytes @ 0x7fe8e4001da0
   0: 1C 98 28 F7 3D 19 D3 DE 49 2D AB 7C 8C 90 98 EC  ..(.=...I-.|....
Hash(2) => 20 bytes @ 0x7fe8e4003740
   0: 78 2E 17 F4 3D 7A 0A CA F8 5D C3 70 D0 F7 9D 5D  x...=z...].p...]
  16: 95 C6 40 F7                                      ..@.
next IV for MID 3116056716 => 16 bytes @ 0x7fe8e4003b60
   0: A2 CA BC 80 0D 9F 82 CA 00 A7 3F D3 1F 57 40 8C  ..........?..W@.
Hash(3) => 20 bytes @ 0x7fe8d80008c0
   0: AD 14 20 65 D7 54 B9 31 7B 2C 28 65 7C F4 DD 64  .. e.T.1{,(e|..d
  16: 10 D3 12 E8                                      ....
next IV for MID 3116056716 => 16 bytes @ 0x7fe8d8000990
   0: 0E A2 17 28 FC B3 53 16 A6 7D 61 64 6D 77 3F 6D  ...(..S..}admw?m
CHILD_SA rw-carol{1} established with SPIs c9723901_i cc36d0c6_o and TS 10.1.0.0/16 === 192.168.0.100/32
CHILD_SA rw-carol{1} established with SPIs c9723901_i cc36d0c6_o and TS 10.1.0.0/16 === 192.168.0.100/32
